<?xml version="1.0" encoding="UTF-8"?>
<!-- Generated by org.testng.reporters.JUnitReportReporter -->
<testsuite hostname="Lukas-Laptop" failures="0" tests="2" name="seleniumTests" time="16.335" errors="0" timestamp="2022-02-23T23:24:53 SGT" skipped="0">
  <testcase classname="seleniumTests" name="testRegister" time="7.695"/>
  <testcase classname="seleniumTests" name="proveRegistration" time="8.640"/>
</testsuite> <!-- seleniumTests -->
