<?xml version="1.0" encoding="UTF-8"?>
<!-- Generated by org.testng.reporters.JUnitReportReporter -->
<testsuite hostname="LAPTOP-TTFD9QUH" failures="0" tests="4" name="FinancialDiary.NewTest" time="13.977" errors="0" timestamp="19 Feb 2022 14:44:12 GMT">
  <testcase classname="FinancialDiary.NewTest" name="Login" time="3.380"/>
  <testcase classname="FinancialDiary.NewTest" name="createTransaction" time="2.231"/>
  <testcase classname="FinancialDiary.NewTest" name="DeleteTransaction" time="2.078"/>
  <testcase classname="FinancialDiary.NewTest" name="EditTransaction" time="6.288"/>
</testsuite> <!-- FinancialDiary.NewTest -->
