<?xml version="1.0" encoding="UTF-8"?>
<!-- Generated by org.testng.reporters.JUnitReportReporter -->
<testsuite hostname="LAPTOP-ONK64QOM" failures="0" tests="1" name="ProjTest" time="12.853" errors="0" timestamp="2022-02-23T13:59:48 SGT" skipped="0">
  <testcase classname="ProjTest" name="f" time="12.853"/>
</testsuite> <!-- ProjTest -->
