<?xml version="1.0" encoding="UTF-8"?>
<!-- Generated by org.testng.reporters.JUnitReportReporter -->
<testsuite hostname="Lukas-Laptop" failures="0" tests="1" name="FinancialDiary.seleniumTests" time="17.634" errors="0" timestamp="15 Feb 2022 14:51:28 GMT">
  <testcase classname="FinancialDiary.seleniumTests" name="f" time="17.634"/>
</testsuite> <!-- FinancialDiary.seleniumTests -->
