<?xml version="1.0" encoding="UTF-8"?>
<!-- Generated by org.testng.reporters.JUnitReportReporter -->
<testsuite hostname="LAPTOP-ONK64QOM" failures="0" tests="1" name="FinancialDiaryTest.ProjTest" time="17.745" errors="0" timestamp="2022-02-15T23:42:55 SGT" skipped="0">
  <testcase classname="FinancialDiaryTest.ProjTest" name="f" time="17.745"/>
</testsuite> <!-- FinancialDiaryTest.ProjTest -->
