<?xml version="1.0" encoding="UTF-8"?>
<!-- Generated by org.testng.reporters.JUnitReportReporter -->
<testsuite hostname="Lukas-Laptop" failures="0" tests="2" name="seleniumTests" time="15.872" errors="0" timestamp="2022-02-24T21:08:32 SGT" skipped="0">
  <testcase classname="seleniumTests" name="testRegister" time="7.409"/>
  <testcase classname="seleniumTests" name="proveRegistration" time="8.463"/>
</testsuite> <!-- seleniumTests -->
