<?xml version="1.0" encoding="UTF-8"?>
<!-- Generated by org.testng.reporters.JUnitReportReporter -->
<testsuite hostname="RyanTeo" failures="0" tests="1" name="com.sddevops.selenium_maven.eclipse.NewTest" time="17.306" errors="0" timestamp="2022-02-22T14:14:20 GMT+08:00" skipped="0">
  <testcase classname="com.sddevops.selenium_maven.eclipse.NewTest" name="f" time="17.306"/>
  <system-out/>
</testsuite> <!-- com.sddevops.selenium_maven.eclipse.NewTest -->
